2026/03/09 18:06:51 [2026-03-09T11:06:51Z] [INFO] agent: Created implicit main agent (no agents.list configured)

📦 Agent Status:
  • Tools: 14 loaded
  • Skills: 8/8 available
2026/03/09 18:06:51 [2026-03-09T11:06:51Z] [INFO] agent: Agent initialized {tools_count=14, skills_total=8, skills_available=8}
2026/03/09 18:06:51 [2026-03-09T11:06:51Z] [INFO] media: cleanup enabled {interval=5m0s, max_age=30m0s}
2026/03/09 18:06:51 [2026-03-09T11:06:51Z] [INFO] channels: Initializing channel manager
2026/03/09 18:06:51 [2026-03-09T11:06:51Z] [INFO] channels: Channel initialization completed {enabled_channels=0}
⚠ Warning: No channels enabled
✓ Gateway started on 127.0.0.1:18790
Press Ctrl+C to stop
✓ Cron service started
2026/03/09 18:06:51 [2026-03-09T11:06:51Z] [INFO] heartbeat: Heartbeat service started {interval_minutes=30}
✓ Heartbeat service started
2026/03/09 18:06:51 [2026-03-09T11:06:51Z] [INFO] devices: Device event service disabled or no sources
2026/03/09 18:06:51 [2026-03-09T11:06:51Z] [WARN] channels: No channels enabled
Error starting channels: no channels enabled
Error: no channels enabled
Usage:
  picoclaw gateway [flags]

Aliases:
  gateway, g

Flags:
  -d, --debug   Enable debug logging
  -h, --help    help for gateway

